<?xml version="1.0" encoding="UTF-8"?>
<!-- Generated by org.testng.reporters.JUnitXMLReporter -->
<testsuite ignored="0" hostname="Hemaraj" failures="0" tests="4" name="Surefire test" time="36.962" errors="0" timestamp="2025-06-14T12:25:16 IST">
  <testcase classname="hemaraj.testcases.ErrorValidationTest" name="loginPageErrorValidation" time="0.438"/>
  <testcase classname="hemaraj.testcases.ErrorValidationTest" name="productErrorValidation" time="2.147"/>
  <testcase classname="hemaraj.testcases.SubmitOrderTest" name="sumbitOrder" time="9.956"/>
  <testcase classname="hemaraj.testcases.SubmitOrderTest" name="sumbitOrder" time="10.028"/>
</testsuite> <!-- Surefire test -->
