<?xml version="1.0" encoding="UTF-8"?>
<!-- Generated by org.testng.reporters.JUnitXMLReporter -->
<testsuite ignored="0" hostname="Hemaraj" failures="0" tests="2" name="Error Validation" time="15.163" errors="0" timestamp="2025-06-14T12:16:11 IST">
  <testcase classname="hemaraj.testcases.ErrorValidationTest" name="loginPageErrorValidation" time="0.439"/>
  <testcase classname="hemaraj.testcases.ErrorValidationTest" name="productErrorValidation" time="8.799"/>
</testsuite> <!-- Error Validation -->
