<?xml version="1.0" encoding="UTF-8"?>
<testng-results ignored="0" total="4" passed="4" failed="0" skipped="0">
  <reporter-output>
  </reporter-output>
  <suite started-at="2025-06-14T12:24:39 IST" name="Surefire suite" finished-at="2025-06-14T12:25:16 IST" duration-ms="36962">
    <groups>
      <group name="Purchase">
        <method signature="SubmitOrderTest.sumbitOrder(java.util.HashMap)[pri:0, instance:hemaraj.testcases.SubmitOrderTest@2145b572]" name="sumbitOrder" class="hemaraj.testcases.SubmitOrderTest"/>
      </group> <!-- Purchase -->
    </groups>
    <test started-at="2025-06-14T12:24:39 IST" name="Surefire test" finished-at="2025-06-14T12:25:16 IST" duration-ms="36962">
      <class name="hemaraj.testcases.ErrorValidationTest">
        <test-method is-config="true" signature="launchApplication()[pri:0, instance:hemaraj.testcases.ErrorValidationTest@be64738]" started-at="2025-06-14T12:24:39 IST" name="launchApplication" finished-at="2025-06-14T12:24:41 IST" duration-ms="2299" status="PASS">
          <reporter-output>
          </reporter-output>
        </test-method> <!-- launchApplication -->
        <test-method signature="loginPageErrorValidation()[pri:0, instance:hemaraj.testcases.ErrorValidationTest@be64738]" started-at="2025-06-14T12:24:41 IST" name="loginPageErrorValidation" finished-at="2025-06-14T12:24:42 IST" duration-ms="438" status="PASS">
          <reporter-output>
          </reporter-output>
        </test-method> <!-- loginPageErrorValidation -->
        <test-method is-config="true" signature="teardown()[pri:0, instance:hemaraj.testcases.ErrorValidationTest@be64738]" started-at="2025-06-14T12:24:42 IST" name="teardown" finished-at="2025-06-14T12:24:43 IST" duration-ms="1321" status="PASS">
          <reporter-output>
          </reporter-output>
        </test-method> <!-- teardown -->
        <test-method is-config="true" signature="launchApplication()[pri:0, instance:hemaraj.testcases.ErrorValidationTest@be64738]" started-at="2025-06-14T12:24:43 IST" name="launchApplication" finished-at="2025-06-14T12:24:46 IST" duration-ms="2745" status="PASS">
          <reporter-output>
          </reporter-output>
        </test-method> <!-- launchApplication -->
        <test-method signature="productErrorValidation()[pri:0, instance:hemaraj.testcases.ErrorValidationTest@be64738]" started-at="2025-06-14T12:24:46 IST" name="productErrorValidation" finished-at="2025-06-14T12:24:48 IST" duration-ms="2147" status="PASS">
          <reporter-output>
          </reporter-output>
        </test-method> <!-- productErrorValidation -->
        <test-method is-config="true" signature="teardown()[pri:0, instance:hemaraj.testcases.ErrorValidationTest@be64738]" started-at="2025-06-14T12:24:48 IST" name="teardown" finished-at="2025-06-14T12:24:49 IST" duration-ms="1388" status="PASS">
          <reporter-output>
          </reporter-output>
        </test-method> <!-- teardown -->
      </class> <!-- hemaraj.testcases.ErrorValidationTest -->
      <class name="hemaraj.testcases.SubmitOrderTest">
        <test-method is-config="true" signature="launchApplication()[pri:0, instance:hemaraj.testcases.SubmitOrderTest@2145b572]" started-at="2025-06-14T12:24:49 IST" name="launchApplication" finished-at="2025-06-14T12:24:51 IST" duration-ms="1735" status="PASS">
          <reporter-output>
          </reporter-output>
        </test-method> <!-- launchApplication -->
        <test-method signature="sumbitOrder(java.util.HashMap)[pri:0, instance:hemaraj.testcases.SubmitOrderTest@2145b572]" started-at="2025-06-14T12:24:51 IST" name="sumbitOrder" data-provider="getData" finished-at="2025-06-14T12:25:01 IST" duration-ms="9956" status="PASS">
          <params>
            <param index="0">
              <value>
                <![CDATA[{productname=ADIDAS ORIGINAL, email=hemaraj@gmail.com, Password=Uber12345}]]>
              </value>
            </param>
          </params>
          <reporter-output>
          </reporter-output>
        </test-method> <!-- sumbitOrder -->
        <test-method is-config="true" signature="teardown()[pri:0, instance:hemaraj.testcases.SubmitOrderTest@2145b572]" started-at="2025-06-14T12:25:01 IST" name="teardown" finished-at="2025-06-14T12:25:03 IST" duration-ms="1387" status="PASS">
          <reporter-output>
          </reporter-output>
        </test-method> <!-- teardown -->
        <test-method is-config="true" signature="launchApplication()[pri:0, instance:hemaraj.testcases.SubmitOrderTest@2145b572]" started-at="2025-06-14T12:25:03 IST" name="launchApplication" finished-at="2025-06-14T12:25:04 IST" duration-ms="1708" status="PASS">
          <reporter-output>
          </reporter-output>
        </test-method> <!-- launchApplication -->
        <test-method signature="sumbitOrder(java.util.HashMap)[pri:0, instance:hemaraj.testcases.SubmitOrderTest@2145b572]" started-at="2025-06-14T12:25:04 IST" name="sumbitOrder" data-provider="getData" finished-at="2025-06-14T12:25:14 IST" duration-ms="10028" status="PASS">
          <params>
            <param index="0">
              <value>
                <![CDATA[{productname=ZARA COAT 3, email=nandhini@gmail.conm, Password=Uber1234}]]>
              </value>
            </param>
          </params>
          <reporter-output>
          </reporter-output>
        </test-method> <!-- sumbitOrder -->
        <test-method is-config="true" signature="teardown()[pri:0, instance:hemaraj.testcases.SubmitOrderTest@2145b572]" started-at="2025-06-14T12:25:14 IST" name="teardown" finished-at="2025-06-14T12:25:16 IST" duration-ms="1428" status="PASS">
          <reporter-output>
          </reporter-output>
        </test-method> <!-- teardown -->
      </class> <!-- hemaraj.testcases.SubmitOrderTest -->
    </test> <!-- Surefire test -->
  </suite> <!-- Surefire suite -->
</testng-results>
